{"uid":"d2ba58c102394483","name":"sc1","fullName":"gog.sc1","historyId":"37d2fb69e8230436becef0266774c436","time":{"start":1666789506509,"stop":1666789528365,"duration":21856},"description":"null\n\nnull","descriptionHtml":"<p>null</p>\n<p>null</p>\n","status":"failed","statusMessage":"ElementNotFound: Element not found {By.xpath: //*[@id=\"app\"]/div/div[2]/div/div[2]/div[3]/div[2]/div[1]/div[1]/div/div[1]/div/div/div/div/span/span/span[1]}\nExpected: exist","statusTrace":"Element not found {By.xpath: //*[@id=\"app\"]/div/div[2]/div/div[2]/div[3]/div[2]/div[1]/div[1]/div/div[1]/div/div/div/div/span/span/span[1]}\nExpected: exist\nScreenshot: file:/D:/autotests-decathlon-frontend/build/reports/tests/1666789527371.0.png\nPage source: file:/D:/autotests-decathlon-frontend/build/reports/tests/1666789527371.0.html\nTimeout: 6 s.\nCaused by: NoSuchElementException: no such element: Unable to locate element: {\"method\":\"xpath\",\"selector\":\"//*[@id=\"app\"]/div/div[2]/div/div[2]/div[3]/div[2]/div[1]/div[1]/div/div[1]/div/div/div/div/span/span/span[1]\"}\n\tat com.codeborne.selenide.impl.WebElementSource.createElementNotFoundError(WebElementSource.java:37)\n\tat com.codeborne.selenide.impl.ElementFinder.createElementNotFoundError(ElementFinder.java:100)\n\tat com.codeborne.selenide.impl.SelenideElementProxy.dispatchAndRetry(SelenideElementProxy.java:131)\n\tat com.codeborne.selenide.impl.SelenideElementProxy.invoke(SelenideElementProxy.java:65)\n\tat com.sun.proxy.$Proxy16.getAttribute(Unknown Source)\n\tat com.decathlon.steps.MyStepdefs.получитьЦенуПервойМашиныВСписке(MyStepdefs.java:76)\n\tat ✽.Given Получить цену первой машины в списке(Scenario1.feature:13)\nCaused by: org.openqa.selenium.NoSuchElementException: no such element: Unable to locate element: {\"method\":\"xpath\",\"selector\":\"//*[@id=\"app\"]/div/div[2]/div/div[2]/div[3]/div[2]/div[1]/div[1]/div/div[1]/div/div/div/div/span/span/span[1]\"}\n  (Session info: chrome=106.0.5249.119)\nFor documentation on this error, please visit: https://www.seleniumhq.org/exceptions/no_such_element.html\nBuild info: version: '3.141.59', revision: 'e82be7d358', time: '2018-11-14T08:17:03'\nSystem info: host: 'DESKTOP-C1GP86Q', ip: '192.168.0.86', os.name: 'Windows 10', os.arch: 'amd64', os.version: '10.0', java.version: '1.8.0_332'\nDriver info: org.openqa.selenium.chrome.ChromeDriver\nCapabilities {acceptInsecureCerts: false, browserName: chrome, browserVersion: 106.0.5249.119, chrome: {chromedriverVersion: 106.0.5249.61 (511755355844..., userDataDir: C:\\Users\\nikol\\AppData\\Loca...}, goog:chromeOptions: {debuggerAddress: localhost:57660}, javascriptEnabled: true, networkConnectionEnabled: false, pageLoadStrategy: normal, platform: WINDOWS, platformName: WINDOWS, proxy: Proxy(), setWindowRect: true, strictFileInteractability: false, timeouts: {implicit: 0, pageLoad: 300000, script: 30000}, unhandledPromptBehavior: dismiss and notify, webauthn:extension:credBlob: true, webauthn:extension:largeBlob: true, webauthn:virtualAuthenticators: true}\nSession ID: 3c89a6184c5b8ff05aa8b2c70ca9ce67\n*** Element info: {Using=xpath, value=//*[@id=\"app\"]/div/div[2]/div/div[2]/div[3]/div[2]/div[1]/div[1]/div/div[1]/div/div/div/div/span/span/span[1]}\n\tat sun.reflect.GeneratedConstructorAccessor10.newInstance(Unknown Source)\n\tat sun.reflect.DelegatingConstructorAccessorImpl.newInstance(DelegatingConstructorAccessorImpl.java:45)\n\tat java.lang.reflect.Constructor.newInstance(Constructor.java:423)\n\tat org.openqa.selenium.remote.http.W3CHttpResponseCodec.createException(W3CHttpResponseCodec.java:187)\n\tat org.openqa.selenium.remote.http.W3CHttpResponseCodec.decode(W3CHttpResponseCodec.java:122)\n\tat org.openqa.selenium.remote.http.W3CHttpResponseCodec.decode(W3CHttpResponseCodec.java:49)\n\tat org.openqa.selenium.remote.HttpCommandExecutor.execute(HttpCommandExecutor.java:158)\n\tat org.openqa.selenium.remote.service.DriverCommandExecutor.execute(DriverCommandExecutor.java:83)\n\tat org.openqa.selenium.remote.RemoteWebDriver.execute(RemoteWebDriver.java:552)\n\tat org.openqa.selenium.remote.RemoteWebDriver.findElement(RemoteWebDriver.java:323)\n\tat org.openqa.selenium.remote.RemoteWebDriver.findElementByXPath(RemoteWebDriver.java:428)\n\tat org.openqa.selenium.By$ByXPath.findElement(By.java:353)\n\tat org.openqa.selenium.remote.RemoteWebDriver.findElement(RemoteWebDriver.java:315)\n\tat com.codeborne.selenide.impl.WebElementSelector.findElement(WebElementSelector.java:28)\n\tat com.codeborne.selenide.impl.ElementFinder.getWebElement(ElementFinder.java:74)\n\tat com.codeborne.selenide.impl.SelenideElementProxy.dispatchAndRetry(SelenideElementProxy.java:102)\n\tat com.codeborne.selenide.impl.SelenideElementProxy.invoke(SelenideElementProxy.java:65)\n\tat com.sun.proxy.$Proxy16.getAttribute(Unknown Source)\n\tat com.decathlon.steps.MyStepdefs.получитьЦенуПервойМашиныВСписке(MyStepdefs.java:76)\n\tat sun.reflect.NativeMethodAccessorImpl.invoke0(Native Method)\n\tat sun.reflect.NativeMethodAccessorImpl.invoke(NativeMethodAccessorImpl.java:62)\n\tat sun.reflect.DelegatingMethodAccessorImpl.invoke(DelegatingMethodAccessorImpl.java:43)\n\tat java.lang.reflect.Method.invoke(Method.java:498)\n\tat cucumber.runtime.Utils$1.call(Utils.java:40)\n\tat cucumber.runtime.Timeout.timeout(Timeout.java:16)\n\tat cucumber.runtime.Utils.invoke(Utils.java:34)\n\tat cucumber.runtime.java.JavaStepDefinition.execute(JavaStepDefinition.java:38)\n\tat cucumber.runtime.StepDefinitionMatch.runStep(StepDefinitionMatch.java:37)\n\tat cucumber.runtime.Runtime.runStep(Runtime.java:300)\n\tat cucumber.runtime.model.StepContainer.runStep(StepContainer.java:44)\n\tat cucumber.runtime.model.StepContainer.runSteps(StepContainer.java:39)\n\tat cucumber.runtime.model.CucumberScenario.run(CucumberScenario.java:44)\n\tat cucumber.runtime.junit.ExecutionUnitRunner.run(ExecutionUnitRunner.java:102)\n\tat cucumber.runtime.junit.FeatureRunner.runChild(FeatureRunner.java:63)\n\tat cucumber.runtime.junit.FeatureRunner.runChild(FeatureRunner.java:18)\n\tat org.junit.runners.ParentRunner$3.run(ParentRunner.java:290)\n\tat org.junit.runners.ParentRunner$1.schedule(ParentRunner.java:71)\n\tat org.junit.runners.ParentRunner.runChildren(ParentRunner.java:288)\n\tat org.junit.runners.ParentRunner.access$000(ParentRunner.java:58)\n\tat org.junit.runners.ParentRunner$2.evaluate(ParentRunner.java:268)\n\tat org.junit.runners.ParentRunner.run(ParentRunner.java:363)\n\tat cucumber.runtime.junit.FeatureRunner.run(FeatureRunner.java:70)\n\tat cucumber.api.junit.Cucumber.runChild(Cucumber.java:95)\n\tat cucumber.api.junit.Cucumber.runChild(Cucumber.java:38)\n\tat org.junit.runners.ParentRunner$3.run(ParentRunner.java:290)\n\tat org.junit.runners.ParentRunner$1.schedule(ParentRunner.java:71)\n\tat org.junit.runners.ParentRunner.runChildren(ParentRunner.java:288)\n\tat org.junit.runners.ParentRunner.access$000(ParentRunner.java:58)\n\tat org.junit.runners.ParentRunner$2.evaluate(ParentRunner.java:268)\n\tat org.junit.internal.runners.statements.RunBefores.evaluate(RunBefores.java:26)\n\tat org.junit.internal.runners.statements.RunAfters.evaluate(RunAfters.java:27)\n\tat org.junit.runners.ParentRunner.run(ParentRunner.java:363)\n\tat cucumber.api.junit.Cucumber.run(Cucumber.java:100)\n\tat org.junit.runner.JUnitCore.run(JUnitCore.java:137)\n\tat com.intellij.junit4.JUnit4IdeaTestRunner.startRunnerWithArgs(JUnit4IdeaTestRunner.java:69)\n\tat com.intellij.rt.junit.IdeaTestRunner$Repeater$1.execute(IdeaTestRunner.java:38)\n\tat com.intellij.rt.execution.junit.TestsRepeater.repeat(TestsRepeater.java:11)\n\tat com.intellij.rt.junit.IdeaTestRunner$Repeater.startRunnerWithArgs(IdeaTestRunner.java:35)\n\tat com.intellij.rt.junit.JUnitStarter.prepareStreamsAndStart(JUnitStarter.java:235)\n\tat com.intellij.rt.junit.JUnitStarter.main(JUnitStarter.java:54)\n","flaky":false,"newFailed":false,"newBroken":false,"newPassed":false,"retriesCount":0,"retriesStatusChange":false,"beforeStages":[],"testStage":{"status":"failed","statusMessage":"ElementNotFound: Element not found {By.xpath: //*[@id=\"app\"]/div/div[2]/div/div[2]/div[3]/div[2]/div[1]/div[1]/div/div[1]/div/div/div/div/span/span/span[1]}\nExpected: exist","statusTrace":"Element not found {By.xpath: //*[@id=\"app\"]/div/div[2]/div/div[2]/div[3]/div[2]/div[1]/div[1]/div/div[1]/div/div/div/div/span/span/span[1]}\nExpected: exist\nScreenshot: file:/D:/autotests-decathlon-frontend/build/reports/tests/1666789527371.0.png\nPage source: file:/D:/autotests-decathlon-frontend/build/reports/tests/1666789527371.0.html\nTimeout: 6 s.\nCaused by: NoSuchElementException: no such element: Unable to locate element: {\"method\":\"xpath\",\"selector\":\"//*[@id=\"app\"]/div/div[2]/div/div[2]/div[3]/div[2]/div[1]/div[1]/div/div[1]/div/div/div/div/span/span/span[1]\"}\n\tat com.codeborne.selenide.impl.WebElementSource.createElementNotFoundError(WebElementSource.java:37)\n\tat com.codeborne.selenide.impl.ElementFinder.createElementNotFoundError(ElementFinder.java:100)\n\tat com.codeborne.selenide.impl.SelenideElementProxy.dispatchAndRetry(SelenideElementProxy.java:131)\n\tat com.codeborne.selenide.impl.SelenideElementProxy.invoke(SelenideElementProxy.java:65)\n\tat com.sun.proxy.$Proxy16.getAttribute(Unknown Source)\n\tat com.decathlon.steps.MyStepdefs.получитьЦенуПервойМашиныВСписке(MyStepdefs.java:76)\n\tat ✽.Given Получить цену первой машины в списке(Scenario1.feature:13)\nCaused by: org.openqa.selenium.NoSuchElementException: no such element: Unable to locate element: {\"method\":\"xpath\",\"selector\":\"//*[@id=\"app\"]/div/div[2]/div/div[2]/div[3]/div[2]/div[1]/div[1]/div/div[1]/div/div/div/div/span/span/span[1]\"}\n  (Session info: chrome=106.0.5249.119)\nFor documentation on this error, please visit: https://www.seleniumhq.org/exceptions/no_such_element.html\nBuild info: version: '3.141.59', revision: 'e82be7d358', time: '2018-11-14T08:17:03'\nSystem info: host: 'DESKTOP-C1GP86Q', ip: '192.168.0.86', os.name: 'Windows 10', os.arch: 'amd64', os.version: '10.0', java.version: '1.8.0_332'\nDriver info: org.openqa.selenium.chrome.ChromeDriver\nCapabilities {acceptInsecureCerts: false, browserName: chrome, browserVersion: 106.0.5249.119, chrome: {chromedriverVersion: 106.0.5249.61 (511755355844..., userDataDir: C:\\Users\\nikol\\AppData\\Loca...}, goog:chromeOptions: {debuggerAddress: localhost:57660}, javascriptEnabled: true, networkConnectionEnabled: false, pageLoadStrategy: normal, platform: WINDOWS, platformName: WINDOWS, proxy: Proxy(), setWindowRect: true, strictFileInteractability: false, timeouts: {implicit: 0, pageLoad: 300000, script: 30000}, unhandledPromptBehavior: dismiss and notify, webauthn:extension:credBlob: true, webauthn:extension:largeBlob: true, webauthn:virtualAuthenticators: true}\nSession ID: 3c89a6184c5b8ff05aa8b2c70ca9ce67\n*** Element info: {Using=xpath, value=//*[@id=\"app\"]/div/div[2]/div/div[2]/div[3]/div[2]/div[1]/div[1]/div/div[1]/div/div/div/div/span/span/span[1]}\n\tat sun.reflect.GeneratedConstructorAccessor10.newInstance(Unknown Source)\n\tat sun.reflect.DelegatingConstructorAccessorImpl.newInstance(DelegatingConstructorAccessorImpl.java:45)\n\tat java.lang.reflect.Constructor.newInstance(Constructor.java:423)\n\tat org.openqa.selenium.remote.http.W3CHttpResponseCodec.createException(W3CHttpResponseCodec.java:187)\n\tat org.openqa.selenium.remote.http.W3CHttpResponseCodec.decode(W3CHttpResponseCodec.java:122)\n\tat org.openqa.selenium.remote.http.W3CHttpResponseCodec.decode(W3CHttpResponseCodec.java:49)\n\tat org.openqa.selenium.remote.HttpCommandExecutor.execute(HttpCommandExecutor.java:158)\n\tat org.openqa.selenium.remote.service.DriverCommandExecutor.execute(DriverCommandExecutor.java:83)\n\tat org.openqa.selenium.remote.RemoteWebDriver.execute(RemoteWebDriver.java:552)\n\tat org.openqa.selenium.remote.RemoteWebDriver.findElement(RemoteWebDriver.java:323)\n\tat org.openqa.selenium.remote.RemoteWebDriver.findElementByXPath(RemoteWebDriver.java:428)\n\tat org.openqa.selenium.By$ByXPath.findElement(By.java:353)\n\tat org.openqa.selenium.remote.RemoteWebDriver.findElement(RemoteWebDriver.java:315)\n\tat com.codeborne.selenide.impl.WebElementSelector.findElement(WebElementSelector.java:28)\n\tat com.codeborne.selenide.impl.ElementFinder.getWebElement(ElementFinder.java:74)\n\tat com.codeborne.selenide.impl.SelenideElementProxy.dispatchAndRetry(SelenideElementProxy.java:102)\n\tat com.codeborne.selenide.impl.SelenideElementProxy.invoke(SelenideElementProxy.java:65)\n\tat com.sun.proxy.$Proxy16.getAttribute(Unknown Source)\n\tat com.decathlon.steps.MyStepdefs.получитьЦенуПервойМашиныВСписке(MyStepdefs.java:76)\n\tat sun.reflect.NativeMethodAccessorImpl.invoke0(Native Method)\n\tat sun.reflect.NativeMethodAccessorImpl.invoke(NativeMethodAccessorImpl.java:62)\n\tat sun.reflect.DelegatingMethodAccessorImpl.invoke(DelegatingMethodAccessorImpl.java:43)\n\tat java.lang.reflect.Method.invoke(Method.java:498)\n\tat cucumber.runtime.Utils$1.call(Utils.java:40)\n\tat cucumber.runtime.Timeout.timeout(Timeout.java:16)\n\tat cucumber.runtime.Utils.invoke(Utils.java:34)\n\tat cucumber.runtime.java.JavaStepDefinition.execute(JavaStepDefinition.java:38)\n\tat cucumber.runtime.StepDefinitionMatch.runStep(StepDefinitionMatch.java:37)\n\tat cucumber.runtime.Runtime.runStep(Runtime.java:300)\n\tat cucumber.runtime.model.StepContainer.runStep(StepContainer.java:44)\n\tat cucumber.runtime.model.StepContainer.runSteps(StepContainer.java:39)\n\tat cucumber.runtime.model.CucumberScenario.run(CucumberScenario.java:44)\n\tat cucumber.runtime.junit.ExecutionUnitRunner.run(ExecutionUnitRunner.java:102)\n\tat cucumber.runtime.junit.FeatureRunner.runChild(FeatureRunner.java:63)\n\tat cucumber.runtime.junit.FeatureRunner.runChild(FeatureRunner.java:18)\n\tat org.junit.runners.ParentRunner$3.run(ParentRunner.java:290)\n\tat org.junit.runners.ParentRunner$1.schedule(ParentRunner.java:71)\n\tat org.junit.runners.ParentRunner.runChildren(ParentRunner.java:288)\n\tat org.junit.runners.ParentRunner.access$000(ParentRunner.java:58)\n\tat org.junit.runners.ParentRunner$2.evaluate(ParentRunner.java:268)\n\tat org.junit.runners.ParentRunner.run(ParentRunner.java:363)\n\tat cucumber.runtime.junit.FeatureRunner.run(FeatureRunner.java:70)\n\tat cucumber.api.junit.Cucumber.runChild(Cucumber.java:95)\n\tat cucumber.api.junit.Cucumber.runChild(Cucumber.java:38)\n\tat org.junit.runners.ParentRunner$3.run(ParentRunner.java:290)\n\tat org.junit.runners.ParentRunner$1.schedule(ParentRunner.java:71)\n\tat org.junit.runners.ParentRunner.runChildren(ParentRunner.java:288)\n\tat org.junit.runners.ParentRunner.access$000(ParentRunner.java:58)\n\tat org.junit.runners.ParentRunner$2.evaluate(ParentRunner.java:268)\n\tat org.junit.internal.runners.statements.RunBefores.evaluate(RunBefores.java:26)\n\tat org.junit.internal.runners.statements.RunAfters.evaluate(RunAfters.java:27)\n\tat org.junit.runners.ParentRunner.run(ParentRunner.java:363)\n\tat cucumber.api.junit.Cucumber.run(Cucumber.java:100)\n\tat org.junit.runner.JUnitCore.run(JUnitCore.java:137)\n\tat com.intellij.junit4.JUnit4IdeaTestRunner.startRunnerWithArgs(JUnit4IdeaTestRunner.java:69)\n\tat com.intellij.rt.junit.IdeaTestRunner$Repeater$1.execute(IdeaTestRunner.java:38)\n\tat com.intellij.rt.execution.junit.TestsRepeater.repeat(TestsRepeater.java:11)\n\tat com.intellij.rt.junit.IdeaTestRunner$Repeater.startRunnerWithArgs(IdeaTestRunner.java:35)\n\tat com.intellij.rt.junit.JUnitStarter.prepareStreamsAndStart(JUnitStarter.java:235)\n\tat com.intellij.rt.junit.JUnitStarter.main(JUnitStarter.java:54)\n","steps":[{"name":"Given Получить цену первой машины в списке","time":{"start":1666789506512,"stop":1666789528362,"duration":21850},"status":"failed","statusMessage":"Element not found {By.xpath: //*[@id=\"app\"]/div/div[2]/div/div[2]/div[3]/div[2]/div[1]/div[1]/div/div[1]/div/div/div/div/span/span/span[1]}\nExpected: exist\nScreenshot: file:/D:/autotests-decathlon-frontend/build/reports/tests/1666789527371.0.png\nPage source: file:/D:/autotests-decathlon-frontend/build/reports/tests/1666789527371.0.html\nTimeout: 6 s.\nCaused by: NoSuchElementException: no such element: Unable to locate element: {\"method\":\"xpath\",\"selector\":\"//*[@id=\"app\"]/div/div[2]/div/div[2]/div[3]/div[2]/div[1]/div[1]/div/div[1]/div/div/div/div/span/span/span[1]\"}\n\tat com.codeborne.selenide.impl.WebElementSource.createElementNotFoundError(WebElementSource.java:37)\n\tat com.codeborne.selenide.impl.ElementFinder.createElementNotFoundError(ElementFinder.java:100)\n\tat com.codeborne.selenide.impl.SelenideElementProxy.dispatchAndRetry(SelenideElementProxy.java:131)\n\tat com.codeborne.selenide.impl.SelenideElementProxy.invoke(SelenideElementProxy.java:65)\n\tat com.sun.proxy.$Proxy16.getAttribute(Unknown Source)\n\tat com.decathlon.steps.MyStepdefs.получитьЦенуПервойМашиныВСписке(MyStepdefs.java:76)\n\tat ✽.Given Получить цену первой машины в списке(Scenario1.feature:13)\nCaused by: org.openqa.selenium.NoSuchElementException: no such element: Unable to locate element: {\"method\":\"xpath\",\"selector\":\"//*[@id=\"app\"]/div/div[2]/div/div[2]/div[3]/div[2]/div[1]/div[1]/div/div[1]/div/div/div/div/span/span/span[1]\"}\n  (Session info: chrome=106.0.5249.119)\nFor documentation on this error, please visit: https://www.seleniumhq.org/exceptions/no_such_element.html\nBuild info: version: '3.141.59', revision: 'e82be7d358', time: '2018-11-14T08:17:03'\nSystem info: host: 'DESKTOP-C1GP86Q', ip: '192.168.0.86', os.name: 'Windows 10', os.arch: 'amd64', os.version: '10.0', java.version: '1.8.0_332'\nDriver info: org.openqa.selenium.chrome.ChromeDriver\nCapabilities {acceptInsecureCerts: false, browserName: chrome, browserVersion: 106.0.5249.119, chrome: {chromedriverVersion: 106.0.5249.61 (511755355844..., userDataDir: C:\\Users\\nikol\\AppData\\Loca...}, goog:chromeOptions: {debuggerAddress: localhost:57660}, javascriptEnabled: true, networkConnectionEnabled: false, pageLoadStrategy: normal, platform: WINDOWS, platformName: WINDOWS, proxy: Proxy(), setWindowRect: true, strictFileInteractability: false, timeouts: {implicit: 0, pageLoad: 300000, script: 30000}, unhandledPromptBehavior: dismiss and notify, webauthn:extension:credBlob: true, webauthn:extension:largeBlob: true, webauthn:virtualAuthenticators: true}\nSession ID: 3c89a6184c5b8ff05aa8b2c70ca9ce67\n*** Element info: {Using=xpath, value=//*[@id=\"app\"]/div/div[2]/div/div[2]/div[3]/div[2]/div[1]/div[1]/div/div[1]/div/div/div/div/span/span/span[1]}\n\tat sun.reflect.GeneratedConstructorAccessor10.newInstance(Unknown Source)\n\tat sun.reflect.DelegatingConstructorAccessorImpl.newInstance(DelegatingConstructorAccessorImpl.java:45)\n\tat java.lang.reflect.Constructor.newInstance(Constructor.java:423)\n\tat org.openqa.selenium.remote.http.W3CHttpResponseCodec.createException(W3CHttpResponseCodec.java:187)\n\tat org.openqa.selenium.remote.http.W3CHttpResponseCodec.decode(W3CHttpResponseCodec.java:122)\n\tat org.openqa.selenium.remote.http.W3CHttpResponseCodec.decode(W3CHttpResponseCodec.java:49)\n\tat org.openqa.selenium.remote.HttpCommandExecutor.execute(HttpCommandExecutor.java:158)\n\tat org.openqa.selenium.remote.service.DriverCommandExecutor.execute(DriverCommandExecutor.java:83)\n\tat org.openqa.selenium.remote.RemoteWebDriver.execute(RemoteWebDriver.java:552)\n\tat org.openqa.selenium.remote.RemoteWebDriver.findElement(RemoteWebDriver.java:323)\n\tat org.openqa.selenium.remote.RemoteWebDriver.findElementByXPath(RemoteWebDriver.java:428)\n\tat org.openqa.selenium.By$ByXPath.findElement(By.java:353)\n\tat org.openqa.selenium.remote.RemoteWebDriver.findElement(RemoteWebDriver.java:315)\n\tat com.codeborne.selenide.impl.WebElementSelector.findElement(WebElementSelector.java:28)\n\tat com.codeborne.selenide.impl.ElementFinder.getWebElement(ElementFinder.java:74)\n\tat com.codeborne.selenide.impl.SelenideElementProxy.dispatchAndRetry(SelenideElementProxy.java:102)\n\tat com.codeborne.selenide.impl.SelenideElementProxy.invoke(SelenideElementProxy.java:65)\n\tat com.sun.proxy.$Proxy16.getAttribute(Unknown Source)\n\tat com.decathlon.steps.MyStepdefs.получитьЦенуПервойМашиныВСписке(MyStepdefs.java:76)\n\tat sun.reflect.NativeMethodAccessorImpl.invoke0(Native Method)\n\tat sun.reflect.NativeMethodAccessorImpl.invoke(NativeMethodAccessorImpl.java:62)\n\tat sun.reflect.DelegatingMethodAccessorImpl.invoke(DelegatingMethodAccessorImpl.java:43)\n\tat java.lang.reflect.Method.invoke(Method.java:498)\n\tat cucumber.runtime.Utils$1.call(Utils.java:40)\n\tat cucumber.runtime.Timeout.timeout(Timeout.java:16)\n\tat cucumber.runtime.Utils.invoke(Utils.java:34)\n\tat cucumber.runtime.java.JavaStepDefinition.execute(JavaStepDefinition.java:38)\n\tat cucumber.runtime.StepDefinitionMatch.runStep(StepDefinitionMatch.java:37)\n\tat cucumber.runtime.Runtime.runStep(Runtime.java:300)\n\tat cucumber.runtime.model.StepContainer.runStep(StepContainer.java:44)\n\tat cucumber.runtime.model.StepContainer.runSteps(StepContainer.java:39)\n\tat cucumber.runtime.model.CucumberScenario.run(CucumberScenario.java:44)\n\tat cucumber.runtime.junit.ExecutionUnitRunner.run(ExecutionUnitRunner.java:102)\n\tat cucumber.runtime.junit.FeatureRunner.runChild(FeatureRunner.java:63)\n\tat cucumber.runtime.junit.FeatureRunner.runChild(FeatureRunner.java:18)\n\tat org.junit.runners.ParentRunner$3.run(ParentRunner.java:290)\n\tat org.junit.runners.ParentRunner$1.schedule(ParentRunner.java:71)\n\tat org.junit.runners.ParentRunner.runChildren(ParentRunner.java:288)\n\tat org.junit.runners.ParentRunner.access$000(ParentRunner.java:58)\n\tat org.junit.runners.ParentRunner$2.evaluate(ParentRunner.java:268)\n\tat org.junit.runners.ParentRunner.run(ParentRunner.java:363)\n\tat cucumber.runtime.junit.FeatureRunner.run(FeatureRunner.java:70)\n\tat cucumber.api.junit.Cucumber.runChild(Cucumber.java:95)\n\tat cucumber.api.junit.Cucumber.runChild(Cucumber.java:38)\n\tat org.junit.runners.ParentRunner$3.run(ParentRunner.java:290)\n\tat org.junit.runners.ParentRunner$1.schedule(ParentRunner.java:71)\n\tat org.junit.runners.ParentRunner.runChildren(ParentRunner.java:288)\n\tat org.junit.runners.ParentRunner.access$000(ParentRunner.java:58)\n\tat org.junit.runners.ParentRunner$2.evaluate(ParentRunner.java:268)\n\tat org.junit.internal.runners.statements.RunBefores.evaluate(RunBefores.java:26)\n\tat org.junit.internal.runners.statements.RunAfters.evaluate(RunAfters.java:27)\n\tat org.junit.runners.ParentRunner.run(ParentRunner.java:363)\n\tat cucumber.api.junit.Cucumber.run(Cucumber.java:100)\n\tat org.junit.runner.JUnitCore.run(JUnitCore.java:137)\n\tat com.intellij.junit4.JUnit4IdeaTestRunner.startRunnerWithArgs(JUnit4IdeaTestRunner.java:69)\n\tat com.intellij.rt.junit.IdeaTestRunner$Repeater$1.execute(IdeaTestRunner.java:38)\n\tat com.intellij.rt.execution.junit.TestsRepeater.repeat(TestsRepeater.java:11)\n\tat com.intellij.rt.junit.IdeaTestRunner$Repeater.startRunnerWithArgs(IdeaTestRunner.java:35)\n\tat com.intellij.rt.junit.JUnitStarter.prepareStreamsAndStart(JUnitStarter.java:235)\n\tat com.intellij.rt.junit.JUnitStarter.main(JUnitStarter.java:54)\n","steps":[],"attachments":[],"parameters":[],"hasContent":true,"stepsCount":0,"attachmentsCount":0,"shouldDisplayMessage":true},{"name":"Given Получить url объявления","time":{"start":1666789528362,"stop":1666789528364,"duration":2},"status":"skipped","steps":[],"attachments":[],"parameters":[],"hasContent":false,"stepsCount":0,"attachmentsCount":0,"shouldDisplayMessage":false}],"attachments":[],"parameters":[],"hasContent":true,"stepsCount":2,"attachmentsCount":0,"shouldDisplayMessage":true},"afterStages":[],"labels":[{"name":"feature","value":"gog"},{"name":"framework","value":"CucumberJVM"},{"name":"host","value":"DESKTOP-C1GP86Q"},{"name":"language","value":"JAVA"},{"name":"story","value":"sc1"},{"name":"thread","value":"20868@DESKTOP-C1GP86Q.main(1)"},{"name":"suite","value":"gog"},{"name":"testClass","value":"gog"},{"name":"testMethod","value":"sc1"},{"name":"package","value":"gog"},{"name":"resultFormat","value":"allure1"}],"parameters":[],"links":[],"hidden":true,"retry":true,"extra":{"categories":[],"tags":[]},"source":"d2ba58c102394483.json","parameterValues":[]}